# JRE version: Java(TM) SE Runtime Environment (17.0.8+9) (build 17.0.8+9-LTS-211)
# Java VM: Java HotSpot(TM) 64-Bit Server VM (17.0.8+9-LTS-211, mixed mode, emulated-client, sharing, tiered, compressed oops, compressed class ptrs, g1 gc, windows-amd64)
GC Precious Log:
 CPUs: 16 total, 16 available
 Memory: 6005M
 Large Page Support: Disabled
 NUMA Support: Disabled
 Compressed Oops: Enabled (32-bit)
 Heap Region Size: 1M
 Heap Min Capacity: 8M
 Heap Initial Capacity: 94M
 Heap Max Capacity: 1502M
 Pre-touch: Disabled
 Parallel Workers: 13
 Concurrent Workers: 3
 Concurrent Refinement Workers: 13
 Periodic GC: Disabled
Heap:
 garbage-first heap   total 51200K, used 25890K [0x00000000a2200000, 0x0000000100000000)
  region size 1024K, 1 young (1024K), 1 survivors (1024K)
 Metaspace       used 35644K, committed 35968K, reserved 1114112K
  class space    used 4986K, committed 5120K, reserved 1048576K
GC Heap History (20 events):
Event: 1.202 GC heap after
{Heap after GC invocations=1 (full 0):
 garbage-first heap   total 96256K, used 6248K [0x00000000a2200000, 0x0000000100000000)
  region size 1024K, 3 young (3072K), 3 survivors (3072K)
 Metaspace       used 3643K, committed 3840K, reserved 1114112K
  class space    used 458K, committed 576K, reserved 1048576K
}
Event: 2.711 GC heap before
{Heap before GC invocations=1 (full 0):
 garbage-first heap   total 96256K, used 33896K [0x00000000a2200000, 0x0000000100000000)
  region size 1024K, 31 young (31744K), 3 survivors (3072K)
 Metaspace       used 9967K, committed 10240K, reserved 1114112K
  class space    used 1369K, committed 1472K, reserved 1048576K
}
Event: 2.717 GC heap after
{Heap after GC invocations=2 (full 0):
 garbage-first heap   total 96256K, used 8184K [0x00000000a2200000, 0x0000000100000000)
  region size 1024K, 2 young (2048K), 2 survivors (2048K)
 Metaspace       used 9967K, committed 10240K, reserved 1114112K
  class space    used 1369K, committed 1472K, reserved 1048576K
}
Event: 4.239 GC heap before
{Heap before GC invocations=2 (full 0):
 garbage-first heap   total 96256K, used 61432K [0x00000000a2200000, 0x0000000100000000)
  region size 1024K, 54 young (55296K), 2 survivors (2048K)
 Metaspace       used 17254K, committed 17536K, reserved 1114112K
  class space    used 2351K, committed 2496K, reserved 1048576K
}
Event: 4.246 GC heap after
{Heap after GC invocations=3 (full 0):
 garbage-first heap   total 96256K, used 10860K [0x00000000a2200000, 0x0000000100000000)
  region size 1024K, 5 young (5120K), 5 survivors (5120K)
 Metaspace       used 17254K, committed 17536K, reserved 1114112K
  class space    used 2351K, committed 2496K, reserved 1048576K
}
Event: 5.196 GC heap before
{Heap before GC invocations=3 (full 0):
 garbage-first heap   total 96256K, used 32364K [0x00000000a2200000, 0x0000000100000000)
  region size 1024K, 27 young (27648K), 5 survivors (5120K)
 Metaspace       used 21268K, committed 21504K, reserved 1114112K
  class space    used 2952K, committed 3072K, reserved 1048576K
}
Event: 5.204 GC heap after
{Heap after GC invocations=4 (full 0):
 garbage-first heap   total 96256K, used 13192K [0x00000000a2200000, 0x0000000100000000)
  region size 1024K, 6 young (6144K), 6 survivors (6144K)
 Metaspace       used 21268K, committed 21504K, reserved 1114112K
  class space    used 2952K, committed 3072K, reserved 1048576K
}
Event: 5.689 GC heap before
{Heap before GC invocations=5 (full 0):
 garbage-first heap   total 51200K, used 38792K [0x00000000a2200000, 0x0000000100000000)
  region size 1024K, 27 young (27648K), 6 survivors (6144K)
 Metaspace       used 23775K, committed 24128K, reserved 1114112K
  class space    used 3230K, committed 3392K, reserved 1048576K
}
Event: 5.698 GC heap after
{Heap after GC invocations=6 (full 0):
 garbage-first heap   total 51200K, used 20639K [0x00000000a2200000, 0x0000000100000000)
  region size 1024K, 4 young (4096K), 4 survivors (4096K)
 Metaspace       used 23775K, committed 24128K, reserved 1114112K
  class space    used 3230K, committed 3392K, reserved 1048576K
}
Event: 6.016 GC heap before
{Heap before GC invocations=6 (full 0):
 garbage-first heap   total 51200K, used 39071K [0x00000000a2200000, 0x0000000100000000)
  region size 1024K, 20 young (20480K), 4 survivors (4096K)
 Metaspace       used 24566K, committed 24832K, reserved 1114112K
  class space    used 3305K, committed 3392K, reserved 1048576K
}
Event: 6.021 GC heap after
{Heap after GC invocations=7 (full 0):
 garbage-first heap   total 51200K, used 19202K [0x00000000a2200000, 0x0000000100000000)
  region size 1024K, 2 young (2048K), 2 survivors (2048K)
 Metaspace       used 24566K, committed 24832K, reserved 1114112K
  class space    used 3305K, committed 3392K, reserved 1048576K
}
Event: 6.700 GC heap before
{Heap before GC invocations=7 (full 0):
 garbage-first heap   total 51200K, used 37634K [0x00000000a2200000, 0x0000000100000000)
  region size 1024K, 19 young (19456K), 2 survivors (2048K)
 Metaspace       used 26987K, committed 27328K, reserved 1114112K
  class space    used 3738K, committed 3904K, reserved 1048576K
}
Event: 6.705 GC heap after
{Heap after GC invocations=8 (full 0):
 garbage-first heap   total 51200K, used 20386K [0x00000000a2200000, 0x0000000100000000)
  region size 1024K, 3 young (3072K), 3 survivors (3072K)
 Metaspace       used 26987K, committed 27328K, reserved 1114112K
  class space    used 3738K, committed 3904K, reserved 1048576K
}
Event: 7.650 GC heap before
{Heap before GC invocations=8 (full 0):
 garbage-first heap   total 51200K, used 37794K [0x00000000a2200000, 0x0000000100000000)
  region size 1024K, 20 young (20480K), 3 survivors (3072K)
 Metaspace       used 29395K, committed 29696K, reserved 1114112K
  class space    used 4085K, committed 4224K, reserved 1048576K
}
Event: 7.654 GC heap after
{Heap after GC invocations=9 (full 0):
 garbage-first heap   total 51200K, used 21655K [0x00000000a2200000, 0x0000000100000000)
  region size 1024K, 3 young (3072K), 3 survivors (3072K)
 Metaspace       used 29395K, committed 29696K, reserved 1114112K
  class space    used 4085K, committed 4224K, reserved 1048576K
}
Event: 8.891 GC heap before
{Heap before GC invocations=9 (full 0):
 garbage-first heap   total 51200K, used 38039K [0x00000000a2200000, 0x0000000100000000)
  region size 1024K, 19 young (19456K), 3 survivors (3072K)
 Metaspace       used 32253K, committed 32640K, reserved 1114112K
  class space    used 4506K, committed 4672K, reserved 1048576K
}
Event: 8.899 GC heap after
{Heap after GC invocations=10 (full 0):
 garbage-first heap   total 51200K, used 23579K [0x00000000a2200000, 0x0000000100000000)
  region size 1024K, 3 young (3072K), 3 survivors (3072K)
 Metaspace       used 32253K, committed 32640K, reserved 1114112K
  class space    used 4506K, committed 4672K, reserved 1048576K
}
Event: 9.504 GC heap before
{Heap before GC invocations=10 (full 0):
 garbage-first heap   total 51200K, used 38939K [0x00000000a2200000, 0x0000000100000000)
  region size 1024K, 18 young (18432K), 3 survivors (3072K)
 Metaspace       used 35631K, committed 35968K, reserved 1114112K
  class space    used 4985K, committed 5120K, reserved 1048576K
}
Event: 9.510 GC heap after
{Heap after GC invocations=11 (full 0):
 garbage-first heap   total 51200K, used 25674K [0x00000000a2200000, 0x0000000100000000)
  region size 1024K, 3 young (3072K), 3 survivors (3072K)
 Metaspace       used 35631K, committed 35968K, reserved 1114112K
  class space    used 4985K, committed 5120K, reserved 1048576K
}
Event: 9.512 GC heap before
{Heap before GC invocations=11 (full 0):
 garbage-first heap   total 51200K, used 25674K [0x00000000a2200000, 0x0000000100000000)
  region size 1024K, 4 young (4096K), 3 survivors (3072K)
 Metaspace       used 35644K, committed 35968K, reserved 1114112K
  class space    used 4986K, committed 5120K, reserved 1048576K
}

